app/build/intermediates/manifest_merge_blame_file/debug/manifest-merger-blame-debug-report.txt
1<?xml version="1.0" encoding="utf-8"?>
2<manifest xmlns:android="http://schemas.android.com/apk/res/android"
3    package="info.androidhive.loginandregistration"
4    android:versionCode="1"
5    android:versionName="1.0" >
6
7    <uses-sdk
7-->src\main\AndroidManifest.xml:7:5-47
8        android:minSdkVersion="21"
8-->src\main\AndroidManifest.xml:7:5-47
9        android:targetSdkVersion="23" />
9-->src\main\AndroidManifest.xml:7:15-44
10
11    <uses-permission android:name="android.permission.INTERNET" />
11-->src\main\AndroidManifest.xml:9:5-67
11-->src\main\AndroidManifest.xml:9:22-64
12
13    <application
13-->src\main\AndroidManifest.xml:11:5-42:19
14        android:name="info.androidhive.loginandregistration.app.AppController"
14-->src\main\AndroidManifest.xml:12:9-42
15        android:allowBackup="true"
15-->src\main\AndroidManifest.xml:13:9-35
16        android:debuggable="true"
17        android:icon="@drawable/ic_launcher"
17-->src\main\AndroidManifest.xml:14:9-45
18        android:label="@string/app_name"
18-->src\main\AndroidManifest.xml:15:9-41
19        android:theme="@style/AppTheme" >
19-->src\main\AndroidManifest.xml:16:9-40
20        <activity android:name="info.androidhive.loginandregistration.activity.EditGroupActivity" />
20-->src\main\AndroidManifest.xml:17:9-64
20-->src\main\AndroidManifest.xml:17:19-61
21        <activity
21-->src\main\AndroidManifest.xml:18:9-22:55
22            android:name="info.androidhive.loginandregistration.activity.LoginActivity"
22-->src\main\AndroidManifest.xml:19:13-51
23            android:label="@string/app_name"
23-->src\main\AndroidManifest.xml:20:13-45
24            android:launchMode="singleTop"
24-->src\main\AndroidManifest.xml:21:13-43
25            android:windowSoftInputMode="adjustPan" />
25-->src\main\AndroidManifest.xml:22:13-52
26        <activity
26-->src\main\AndroidManifest.xml:23:9-27:55
27            android:name="info.androidhive.loginandregistration.activity.RegisterActivity"
27-->src\main\AndroidManifest.xml:24:13-54
28            android:label="@string/app_name"
28-->src\main\AndroidManifest.xml:25:13-45
29            android:launchMode="singleTop"
29-->src\main\AndroidManifest.xml:26:13-43
30            android:windowSoftInputMode="adjustPan" />
30-->src\main\AndroidManifest.xml:27:13-52
31        <activity
31-->src\main\AndroidManifest.xml:28:9-37:20
32            android:name="info.androidhive.loginandregistration.activity.MainActivity"
32-->src\main\AndroidManifest.xml:29:13-50
33            android:label="@string/app_name"
33-->src\main\AndroidManifest.xml:30:13-45
34            android:launchMode="singleTop" >
34-->src\main\AndroidManifest.xml:31:13-43
35            <intent-filter>
35-->src\main\AndroidManifest.xml:32:13-36:29
36                <action android:name="android.intent.action.MAIN" />
36-->src\main\AndroidManifest.xml:33:17-69
36-->src\main\AndroidManifest.xml:33:25-66
37
38                <category android:name="android.intent.category.LAUNCHER" />
38-->src\main\AndroidManifest.xml:35:17-77
38-->src\main\AndroidManifest.xml:35:27-74
39            </intent-filter>
40        </activity>
41        <activity
41-->src\main\AndroidManifest.xml:38:9-41:59
42            android:name="info.androidhive.loginandregistration.activity.Chats"
42-->src\main\AndroidManifest.xml:39:13-43
43            android:label="@string/title_activity_tabs"
43-->src\main\AndroidManifest.xml:40:13-56
44            android:theme="@style/AppTheme.NoActionBar" />
44-->src\main\AndroidManifest.xml:41:13-56
45    </application>
46
47</manifest>